<?xml version="1.0" encoding="UTF-8"?>
<!-- Generated by org.testng.reporters.JUnitReportReporter -->
<testsuite name="com.qmetry.qaf.automation.step.client.Scenario" tests="1" time="11.512" ignored="0" failures="0" timestamp="18 Aug 2017 06:54:29 GMT" skipped="0" hostname="ICPL11493" errors="0">
  <testcase name="SampleTest" time="11.512" classname="com.qmetry.qaf.automation.step.client.Scenario"/>
</testsuite> <!-- com.qmetry.qaf.automation.step.client.Scenario -->
